0 info it worked if it ends with ok
1 verbose cli [ 'C:\\Users\\Hugo\\Desktop\\dev\\NodeJS\\node.exe',
1 verbose cli   'C:\\Users\\Hugo\\Desktop\\dev\\NodeJS\\node_modules\\npm\\bin\\npm-cli.js',
1 verbose cli   'start' ]
2 info using npm@3.10.10
3 info using node@v6.11.1
4 verbose run-script [ 'prestart', 'start', 'poststart' ]
5 info lifecycle browser@1.0.0~prestart: browser@1.0.0
6 silly lifecycle browser@1.0.0~prestart: no script for prestart, continuing
7 info lifecycle browser@1.0.0~start: browser@1.0.0
8 verbose lifecycle browser@1.0.0~start: unsafe-perm in lifecycle true
9 verbose lifecycle browser@1.0.0~start: PATH: C:\Users\Hugo\Desktop\dev\NodeJS\node_modules\npm\bin\node-gyp-bin;C:\Users\Hugo\Desktop\dev\GitRepo\webBrowserProject\node_modules\.bin;C:\Program Files (x86)\Google\Chrome\Application;C:\ProgramData\Oracle\Java\javapath;C:\Program Files (x86)\Intel\iCLS Client\;C:\Program Files\Intel\iCLS Client\;C:\Windows\system32;C:\Windows;C:\Windows\System32\Wbem;C:\Windows\System32\WindowsPowerShell\v1.0\;C:\Program Files (x86)\NVIDIA Corporation\PhysX\Common;C:\Program Files (x86)\Intel\Intel(R) Management Engine Components\DAL;C:\Program Files\Intel\Intel(R) Management Engine Components\DAL;C:\Program Files (x86)\Intel\Intel(R) Management Engine Components\IPT;C:\Program Files\Intel\Intel(R) Management Engine Components\IPT;C:\Program Files\Git\cmd;C:\WINDOWS\system32\config\systemprofile\.dnx\bin;C:\Program Files\Microsoft DNX\Dnvm\;C:\Program Files\Microsoft SQL Server\130\Tools\Binn\;C:\WINDOWS\system32;C:\WINDOWS;C:\WINDOWS\System32\Wbem;C:\WINDOWS\System32\WindowsPowerShell\v1.0\;C:\Users\Hugo\Desktop\dev\NodeJS\;C:\Users\Hugo\AppData\Local\Programs\Python\Python36\Scripts\;C:\Users\Hugo\AppData\Local\Programs\Python\Python36\;C:\Ruby24-x64\bin;C:\Users\Hugo\AppData\Roaming\Dashlane\4.6.6.23032\bin\Firefox_Extension\{442718d9-475e-452a-b3e1-fb1ee16b8e9f}\components;C:\Users\Hugo\AppData\Local\Microsoft\WindowsApps;C:\Users\Hugo\AppData\Roaming\npm;;C:\Program Files\Docker Toolbox
10 verbose lifecycle browser@1.0.0~start: CWD: C:\Users\Hugo\Desktop\dev\GitRepo\webBrowserProject
11 silly lifecycle browser@1.0.0~start: Args: [ '/d /s /c', 'node index.js' ]
12 silly lifecycle browser@1.0.0~start: Returned: code: 1  signal: null
13 info lifecycle browser@1.0.0~start: Failed to exec start script
14 verbose stack Error: browser@1.0.0 start: `node index.js`
14 verbose stack Exit status 1
14 verbose stack     at EventEmitter.<anonymous> (C:\Users\Hugo\Desktop\dev\NodeJS\node_modules\npm\lib\utils\lifecycle.js:255:16)
14 verbose stack     at emitTwo (events.js:106:13)
14 verbose stack     at EventEmitter.emit (events.js:191:7)
14 verbose stack     at ChildProcess.<anonymous> (C:\Users\Hugo\Desktop\dev\NodeJS\node_modules\npm\lib\utils\spawn.js:40:14)
14 verbose stack     at emitTwo (events.js:106:13)
14 verbose stack     at ChildProcess.emit (events.js:191:7)
14 verbose stack     at maybeClose (internal/child_process.js:891:16)
14 verbose stack     at Process.ChildProcess._handle.onexit (internal/child_process.js:226:5)
15 verbose pkgid browser@1.0.0
16 verbose cwd C:\Users\Hugo\Desktop\dev\GitRepo\webBrowserProject
17 error Windows_NT 10.0.15063
18 error argv "C:\\Users\\Hugo\\Desktop\\dev\\NodeJS\\node.exe" "C:\\Users\\Hugo\\Desktop\\dev\\NodeJS\\node_modules\\npm\\bin\\npm-cli.js" "start"
19 error node v6.11.1
20 error npm  v3.10.10
21 error code ELIFECYCLE
22 error browser@1.0.0 start: `node index.js`
22 error Exit status 1
23 error Failed at the browser@1.0.0 start script 'node index.js'.
23 error Make sure you have the latest version of node.js and npm installed.
23 error If you do, this is most likely a problem with the browser package,
23 error not with npm itself.
23 error Tell the author that this fails on your system:
23 error     node index.js
23 error You can get information on how to open an issue for this project with:
23 error     npm bugs browser
23 error Or if that isn't available, you can get their info via:
23 error     npm owner ls browser
23 error There is likely additional logging output above.
24 verbose exit [ 1, true ]
